TkHE2w2LwqhLCe+xUW7LVwWAv5QBYGeUjCgXscJHPgJsVW3J2sTxVRiz3o+JPxqd8gbTfL4Of1KjmBGie6gpp8fAzUulgosytRYnvTt+tBs=
DlcPHkFYkOQ6ub7aOHY8OhHwceNAc3KpuDEXxJ2rN7XGfkhz0iuOF6vpQz2fdbffxhWDee4zBfPb790bkCVxtAo=
l/J3joKvT7JuTeOv7U+dM0zf/9EBPCrUy34Zp8ZHPgRdGzfY1MmwP1y5yZ+FElSV/0/Xfp4CaVKjmBGie6gsp8fAzUulgosytRYnvTt+tBs=
M/ehXxMtXbqZxxv/rCSCvMq0NBg6houvLV8fwrn5aWWmwEwuMUfkE/E6mojiHn4F7lOpNHBV4CPnIIHh3zHvjQMdQ5zyPZ+JguuxU0+XMUusDWW0Hg==
f+RwjiKvNWeDsUIJceljbQ6u37kEHeHuvEhsF2uNhOIh2jQoLZL/GlzYgoJoyCa+u9opt4qcL4c7ibN9T1WH2LH10rlek5VzK48NW6AFYbQa
fzS55p/Mk5yBEu+nVaoijw6u37kEHeHuvEhsF2uNhOIh2zQoLZL/GlzYgoJoyCa+u9opt4qcL4c7ibN9T1WH37H10rlek5VzK48NW6AFYbQa
+q9Y9zoSO++KKy+hmO4Na3JIo5j2Walj3B7BQKFnm9gUCLqigLg+vqMqQZeyzOfH8znrnSfFP1xOZXcaBmPds+Pf9TuINXm0Ag==
6oeShMbnyfJfY1lUfLlR+A6u37sOHeTgokhsF2uNhOIh2jYiLZfxBFzYgoJoyCa+u9opt4qcL4c7ibN9T1WH0rb137pek5VzK48NW6AFYbQa
hnpxjMgrAYcqP6FWudlJFmaY23SGvlyAx/ESi/yvY02nbDvQsZOJUSkNGlPtm+arsmFy9QXpt7yNSQrV5+/gvth0J0DVIFunnsRn/SH7oCqTkDH6qwCtGDeErlO16svKBZ6HZWtWtCM=
tGclF5OjXNtjHDgW7RPZReLzo8be2KrXTyrJhc3cz0Xz0hh8TCRIt4rLzEgWJRBcZ+PM1cisj9tqtOxtRqEZkHZXQDis6Je0TazbIxY492lZVwDOO8xBTnPMal1/uH6HjYar7u2CtxFzWrQn
M3qPHYaQac0ZZBecTFG4E8kSiGRQhmA3s5FmFjWV/5iLRUkCE5S3hYRlwqHt6EUzNJv+CXRZA/TJU6s1WgacQ8bDwrcngbdtq23LHnyNeyraGwkTl0dJa0QdbbQW
nuT2ISluR+Yay4rS5v46x30pOx2/MjCr6gkJ2W9eGtCMLYKqyuX+wgMo0fKb2CO35/2Om8VyC6IVpuft2w60Cw==
xsoDCIxEv6jKhckdNgXj12sWx7IXWwJ7z4XtWadIz262IBCa0s1ZBQeqmlwUiTIWArEervsswe6z7GN7vxn+Z03mqw6t4jexM3q0Bw==
zzUXAmDJjtzNa+nrpjQUznce2/sITBN6gJK/D+lGwGa3LFOR0s1ZBQeqmlwUiTIWArEervsswe6z7Gl8vxn+Z03mqw6t4jexM3q0Bw==
0rDYw7UuezKSpI+0cDwX4AEowIQiY0vZH0WioI+flfRLYVOLuPgWJeApjXo99qoWC2ReNpfhRy37jfsYja0q6mq7+ZMHpxkrtD19tAY=
eWB9D+z5gFphM2UwDfOOJK+M4hj8kiQopo2VHmMCdY27smUqNhZ4k2iPSBfjbO0tlbveFBA9FgXbumtaXI6NiDiGUa1hNY2B7XhbYVwyzDd/I2FLX3NCEWu0EA==
pmq6fnYmB0tccL215bFIZy0QrzrWCUIXDQ6MZAPtTZPzukObwM7dskdgEhcW1cnksIqIBvSJXssHfOkleZuy3NSNcr0nOhfiuD7JwNSmPaVlJenZMb0GOfiiSL/Tw80Dm4NmaVe0LA==
EEWapBQoScZ75TqJLrCZrlJx9r6GWrpp0FfJROc5t+scQLq1nKEJ+rl+Voan3PrW8znrnSfFP1JIZXYaBmPds+Pf9TuINXm0Ag==
ig0saILTjMD3G7e897I2VYj+chU/n4y+DlEVwqv2eC62z0ZvZgvtVOMxm8vwCH4F+FmVeiUGsjbjFJb23zHvjQMdQ5L0PZKKguuxU0+XMUusDWW0Hg==
EEWapBQoScZ75TqJLrCZrlJx9r6GWrpp0FfJROc5t+scQLq1nKEJ+rl+Voan3PrW8znrnSfFP1JIZXYaBmPds+Pf9TuINXm0Ag==
ISmBIcrt3LBRXo7KVGC0Sq+M4xj8kiQopo2VHmMCdY27smUqNhZ4k2iPSBfjbO0tlbveFBA9FgXbumtaXI6NiDiGUa1hNY2B7XJaYVwyzDd/I2FLX3NCEWu0EA==
4HBGsg1rNp6CHOAnCHd2Zy0QrzrWCUIXDQ6MZAPtTZPzu0ObwM7dskdgEhcW1cnksIqIBvSJXssHfOkleZuy3NSNcr0nOhfiuD7JwNSmPaVlJenZMbMBOfqiSL/Tw80Dm4NmaVe0LA==
4cNAAJrT0DOZWgK0D9CgblJx9r6GWrpp0FfJROc5t+scQLq1nKEJ+rl+Voan3PrW8znrnSfFP1lOZXQaBmPds+Pf9TuINXm0Ag==
TIP96F43M2pNR/E6KjQFSIj+chU/n4y+DlEVwqv2eC62z0ZvZgvtVOMxm8vwCH4F+FmVeiUGsjbjFJb23zHvjQMdQ5nyPZCKguuxU0+XMUusDWW0Hg==
e+qRuuFJ9dZ9KTUIEzH3vVJx9r6GWrpp0FfJROc5t+scQLq1nKEJ+rl+Voan3PrW8znrnSfFP1JOZXQaBmPds+Pf9TuINXm0Ag==
6kpl7jS655OhiKE7Ta1KJa+M4hj8kiQopo2VHmMCdY27smUqNhZ4k2iPSBfjbO0tlbveFBA9FgXbumtaXI6NiDiGUa1hNY2B7XJcYV4yzDd/I2FLX3NCEWu0EA==
BfqZkhhQtNRTqvWXTUSCY1LG4MBbJiHUgnJZ44QNORkVEnDK38jzLUq5yYmPLhrArB3CeqoVflKjmBGie6groMfPzkulgosytRYnvTt+tBs=
WjuPmvQFpMNqzRitZdO74VJx9r6GWrpp0FfJROc5t+scQLq1nKEJ+rl+Voan3PrW8znrnSfFP1pJZXQaBmPds+Pf9TuINXm0Ag==
QYyicP5avfSpYchHg8Dp+6+M4xj8kiQopo2VHmMCdY27smUqNhZ4k2iPSBfjbO0tlbveFBA9FgXbumtaXI6NiDiGUa1hNY2B7XpbYV4yzDd/I2FLX3NCEWu0EA==
VxEDPWklq1eTQ/ZOJTjDx1LG4MBbJiHUgnJZ44QNORkVEnDK38jzLUq5yYmPLhrArB3CeqoVflKjmBGie6gpoMfPzkulgosytRYnvTt+tBs=
+uC2awvcGKHbVSV5Ijujxn0pOx2/MjCr6gkJ2W9eGtCMLYKqyuX+wgMo0fKb2Cq05/COm8VyC6IVpuft2w60Cw==
erAuFGarSVwnebw1c3Q81msWx7IXWwJ7z4XtWadIz262IBCa0s1ZBQeqmlwUiTIWArEervsswe6z7Gp4vxT+Z03mqw6t4jexM3q0Bw==
4HEk2WtIGHqTtz7ilG/gjK+M4hj8kiQopo2VHmMCdY27smUqNhZ4k2iPSBfjbO0tlbveFBA9FgXbumtaXI6NiDiGUa1hNY2B7XpfYVEyzDd/I2FLX3NCEWu0EA==
uEXqE1oZldfeVrBwJMMjllJx9r6GWrpp0FfJROc5t+scQLq1nKEJ+rl+Voan3PrW8znrnSfFP1lNZXsaBmPds+Pf9TuINXm0Ag==
0phgliLXtwezJObWVPhKRYj+chU/n4y+DlEVwqv2eC62z0ZvZgvtVOMxm8vwCH4F+FmVeiUGsjbjFJb23zHvjQMdQ5nxPZ+KguuxU0+XMUusDWW0Hg==
a7eHgecc3E3YfRu8NOU4ElLG4MBbJiHUgnJZ44QNORkVEnDK38jzLUq5yYmPLhrArB3CeqoVflKjmBGie6gopMfAzkulgosytRYnvTt+tBs=
UwSGzboLY4KsHqqAuz815lJx9r6GWrpp0FfJROc5t+scQLq1nKEJ+rl+Voan3PrW8znrnSfFP19NZXsaBmPds+Pf9TuINXm0Ag==
dIp5/rPx9pe0RswbP+Qvn4j+chU/n4y+DlEVwqv2eC62z0ZvZgvtVOMxm8vwCH4F+FmVeiUGsjbjFJb23zHvjQMdQ5/xPZ+KguuxU0+XMUusDWW0Hg==
UwSGzboLY4KsHqqAuz815lJx9r6GWrpp0FfJROc5t+scQLq1nKEJ+rl+Voan3PrW8znrnSfFP19NZXsaBmPds+Pf9TuINXm0Ag==
iQpJGIYUb35LEiRNnPjf3oj+cxU/n4y+DlEVwqv2eC62z0ZvZgvtVOMxm8vwCH4F+FmVeiUGsjbjFJb23zHvjQMdQ5/xPZ+KguuxU0+XMUusDWW0Hg==
r+rij4JPaqoz6Yh6T/1fmlLG4MBbJiHUgnJZ44QNORkVEnDK38jzLUq5yYmPLhrArB3CeqoVflKjmBGie6gupMfAzkulgosytRYnvTt+tBs=
jXMSVKKKTZEI5eR6Y6rT7FJx9r6GWrpp0FfJROc5t+scQLq1nKEJ+rl+Voan3PrW8znrnSfFP1JMZXsaBmPds+Pf9TuINXm0Ag==
uNBQUvOMqilpcPG60Lu9x3ce2/sITBN6gJK/D+lGwGa3LFOR0s1ZBQeqmlwUiTIWArEervsswe6z7Gt6vxT+Z03mqw6t4jexM3q0Bw==
Cv1WmNOOshYtgfiyidgdzgEowIQiY0vZH0WioI+flfRLYVOLuPgWJeApjXo99qoWC2ReNpfhRy37jfsai60n6mq7+ZMHpxkrtD19tAY=
VSbeSZA8gKdhn624gwUreq+M4hj8kiQopo2VHmMCdY27smUqNhZ4k2iPSBfjbO0tlbveFBA9FgXbumtaXI6NiDiGUa1hNY2B7XpdYVEyzDd/I2FLX3NCEWu0EA==
4PnZ2RGEe7cN5XsZJWs6Xxs214V2NQrYWhL+qZSflfRLYVOLuPgWJeApjXo99qoWC2ReNpfhRy37jfsei60n6mq7+ZMHpxkrtD19tAY=
NJZzjB8V2jwsYI+1wLego1LG4MBbJiHUgnJZ44QNORkVEnDK38jzLUq5yYmPLhrArB3CeqoVflKjmBGie6gupsfAzkulgosytRYnvTt+tBs=
4sCeCyeIoQZ7k8iDFXvIEFJx9r6GWrpp0FfJROc5t+scQLq1nKEJ+rl+Voan3PrW8znrnSfFP11PZXsaBmPds+Pf9TuINXm0Ag==
eGhaGe+BjnWQAgS3IHNAtq+M4xj8kiQopo2VHmMCdY27smUqNhZ4k2iPSBfjbO0tlbveFBA9FgXbumtaXI6NiDiGUa1hNY2B7X1dYVEyzDd/I2FLX3NCEWu0EA==
GOmtySC683gUERNtebknyhs214V2NQrYWhL+qZSflfRLYVOLuPgWJeApjXo99qoWC2ReNpfhRy37jfsci60n6mq7+ZMHpxkrtD19tAY=
CHKxDlsHLG8zNFNfZ3qtclLG4MBbJiHUgnJZ44QNORkVEnDK38jzLUq5yYmPLhrArB3CeqoVflKjmBGie6gjpsfAzkulgosytRYnvTt+tBs=
Cj+6hC+5etuHej0jSjEhFWaY23SGvlyAx/ESi/yvY02nbDvQsZOJUSkNGlPtm+arsmFy9QXpt7yNSQrV5+/gvth0J0DVIF+uicNn/SH7oCqTkDH6qwCoGDeIrlO16svKBZ6HZWtWtCM=
nWLNU4/6aLSp+6B7WQ3WouLzo8be2KrXTyrJhc3cz0Xz0hh8TCRIt4rLzEgWJRBcZ+PM1cisj9tqtOxtRqEZkHZXQDis6Je0TazfKgE/92lZVwDOO8xBTnPMaFx/tH6HjYar7u2CtxFzWrQn
zEtysuVNkQ2qaKDZCVtLJCg3PAikOEK1ogkexXZpXsrYOpGx0u/+wgMo0fKb2Ciw5/COm8VyC6IVpuft2w60Cw==
vQIIp+MOdgl21Zg2ps2j5WaY23SGvlyAx/ESi/yvY02nbDvQsZOIUSkNGlPtm+arsmFy9QXpt7yNSQrV5+/gvth0J0DVIFunnsRn/SH7oCqTkDH6qwCoGTeIrlO16svKBZ6HZWtWtCM=
wlJsPbK3TMq24nAyhiSfxOLzo8be2KrXTyrJhc3cz0Xz0hh8TCRJt4rLzEgWJRBcZ+PM1cisj9tqtOxtRqEZkHZXQDis6Je0TazbIxY492lZVwDOO8xBTnPMbF1/tH6HjYar7u2CtxFzWrQn
oh2WfS5c3GgqY/XHf0F+H30pOx2/MjCr6gkJ2W9eGtCNLYKqyuX+wgMo0fKb2Cu05/GOm8VyC6IVpuft2w60Cw==
aOEcKvpfcGyxgEMX2+Y1tGsWx7IXWwJ7z4XtWadIz262IBCa0s1ZBQeqmlwViTIWArEervsswe6z7Gt4vxX+Z03mqw6t4jexM3q0Bw==
GxnrQwKlebVj/lrQrzEbQ6+M4hj8kiQopo2VHmMCdY27smUqNhZ4k2iPSBfjbO0tlbveFBA9FgXbumtbXI6NiDiGUa1hNY2B7XtfYVAyzDd/I2FLX3NCEWu0EA==
2W6khmVnfWcmv2b9ZscmAlLG4MBbJiHUgnJZ44QNORkVEnDK38jzLUq5yYmPLhrArR3CeqoVflKjmBGie6gqpMfBzkulgosytRYnvTt+tBs=
pxK8HHIgAis9i74mme/q/i0QrzrWCUIXDQ6MZAPtTZPzukObwM7dskdgEhcW1cnksIqIBvSJXssHfOkleZuy3NSNcr0nOhfjuD7JwNSmPaVlJenZMb8DOfSiSL/Tw80Dm4NmaVe0LA==
SqqqJNJijUAt1+seRkvSvlJx9r6GWrpp0FfJROc5t+scQLq1nKEJ+rl/Voan3PrW8znrnSfFP11NZXoaBmPds+Pf9TuINXm0Ag==
sBxUO3e6C8yAgtNw3TNKX6+M4xj8kiQopo2VHmMCdY27smUqNhZ4k2iPSBfjbO0tlbveFBA9FgXbumtbXI6NiDiGUa1hNY2B7X1fYVAyzDd/I2FLX3NCEWu0EA==
YVgAXloTEB4ryuA7BKoL4S0QrzrWCUIXDQ6MZAPtTZPzu0ObwM7dskdgEhcW1cnksIqIBvSJXssHfOkleZuy3NSNcr0nOhfjuD7JwNSmPaVlJenZMbsCOfSiSL/Tw80Dm4NmaVe0LA==
6Mi2dEssL3xD1DL63YaRjFJx9r6GWrpp0FfJROc5t+scQLq1nKEJ+rl/Voan3PrW8znrnSfFP19MZXoaBmPds+Pf9TuINXm0Ag==
I9lQpEvSjuXdwVs+4IjUD6+M4xj8kiQopo2VHmMCdY27smUqNhZ4k2iPSBfjbO0tlbveFBA9FgXbumtbXI6NiDiGUa1hNY2B7X9eYVAyzDd/I2FLX3NCEWu0EA==
I2P8MixgaYMM2nGjSiBj4FLG4MBbJiHUgnJZ44QNORkVEnDK38jzLUq5yYmPLhrArR3CeqoVflKjmBGie6gtpcfBzkulgosytRYnvTt+tBs=
2NCxl450lRks2VdTS3v6czYb8lsUhbmBpbqQsg+As/U6UemxnyYa2J01ooL63b4KU/CxGusgojx3YC8zdcrL6sX+B4UrdrQD
vreiL3G9qJOP8ZfLfuh22HE/jQPFt5Xl+vvLdlAmn5+OgUckebTAEaae8UmScRDA1rCQCjJ9GfUnuppMNXlypuIhnj6bnAGek/xiaJ9sP9ctdiueTVJ3QRNqtBc=
vreiL3G9qJOP8ZfLfuh22HE/jQPFt5Xl+vvLdlAmn5+OgUckebTAEaae8UmScRDA1rCQCjJ9GfUnuppMNXlypuIhnj6bnAGek/xiaJ9sP9ctdiueTVJ3QRNqtBc=
vreiL3G9qJOP8ZfLfuh22HE/jQPFt5Xl+vvLdlAmn5+OgUckebTAEaae8UmScRDA1rCQCjJ9GfUnuppMNXlypuIhnj6bnAGek/xiaJ9sP9ctdiueTVJ3QRNqtBc=
vreiL3G9qJOP8ZfLfuh22HE/jQPFt5Xl+vvLdlAmn5+OgUckebTAEaae8UmScRDA1rCQCjJ9GfUnuppMNXlypuIhnj6bnAGek/xiaJ9sP9ctdiueTVJ3QRNqtBc=
wo1+M7PMViXn02F9PWj6OWsWx7IXWwJ7z4XtWadIz262IBCa0s1ZBQeqmlwViTIWArEervsswe6z7G95vxz/Z03mqw6t4jexM3q0Bw==
JE4xKLWUtLFq3YM4c4YGBXce2/sITBN6gJK/D+lGwGa3LFOR0s1ZBQeqmlwViTIWArEervsswe6z7G95vxz/Z03mqw6t4jexM3q0Bw==
it28uuPPY1x4S5qqGwTInAEowIQiY0vZH0WioI+flfRLYVOLuPgWJeApjXo996oWC2ReNpfhRy37jfsfiK0v62q7+ZMHpxkrtD19tAY=
JE4xKLWUtLFq3YM4c4YGBXce2/sITBN6gJK/D+lGwGa3LFOR0s1ZBQeqmlwViTIWArEervsswe6z7G95vxz/Z03mqw6t4jexM3q0Bw==
aU1PtpKPLuToZRvA87Hl1gEowIQiY0vZH0WioI+flfRLYVOLuPgWJeApjXo996oWC2ReNpfhRy37jfseiK0v62q7+ZMHpxkrtD19tAY=
06/5WeqdbkJnFQUyvM1ODq+M4xj8kiQopo2VHmMCdY27smUqNhZ4k2iPSBfjbO0tlbveFBA9FgXbumtbXI6NiDiGUa1hNY2B7X5eYVkzzDd/I2FLX3NCEWu0EA==
Ee8lxIJmEW2YRHyN/YT3U1Jx9r6GWrpp0FfJROc5t+scQLq1nKEJ+rl/Voan3PrW8znrnSfFP15MZXMbBmPds+Pf9TuINXm0Ag==
6GmD9yLrOsuODixlecxP3a+M4hj8kiQopo2VHmMCdY27smUqNhZ4k2iPSBfjbO0tlbveFBA9FgXbumtbXI6NiDiGUa1hNY2B7X5eYVkzzDd/I2FLX3NCEWu0EA==
u0gRe8P+fyOwrVWDdwwBelJx9r6GWrpp0FfJROc5t+scQLq1nKEJ+rl/Voan3PrW8znrnSfFP1NMZXMbBmPds+Pf9TuINXm0Ag==
AwtCWhi1itkRTUCgk9bhfa+M5hj8kiQopo2VHmMCdY27smUqNhZ4k2iPSBfjbO0tlbveFBA9FgXbumtbXI6NiDiGUa1hNY2B7XNeYVkzzDd/I2FLX3NCEWu0EA==
u0gRe8P+fyOwrVWDdwwBelJx9r6GWrpp0FfJROc5t+scQLq1nKEJ+rl/Voan3PrW8znrnSfFP1NMZXMbBmPds+Pf9TuINXm0Ag==
O9HTWl12kk00dNl8sj176q+M5xj8kiQopo2VHmMCdY27smUqNhZ4k2iPSBfjbO0tlbveFBA9FgXbumtbXI6NiDiGUa1hNY2B7XNeYVkzzDd/I2FLX3NCEWu0EA==
gEDq6d1YnxyWkl+py2WrvlJx9r6GWrpp0FfJROc5t+scQLq1nKEJ+rl/Voan3PrW8znrnSfFP1tPZXMbBmPds+Pf9TuINXm0Ag==
6E3duPQciCWlCvVcBH6aloj+cxU/n4y+DlEVwqv2eC62z0ZvZgvtVOMxm8vwCH4F+FmVeiUHsjbjFJb23zHvjQMdQ5vzPZeLguuxU0+XMUusDWW0Hg==
gEDq6d1YnxyWkl+py2WrvlJx9r6GWrpp0FfJROc5t+scQLq1nKEJ+rl/Voan3PrW8znrnSfFP1tPZXMbBmPds+Pf9TuINXm0Ag==
YHKOURr6mdirO5vVX8ov1Ij+chU/n4y+DlEVwqv2eC62z0ZvZgvtVOMxm8vwCH4F+FmVeiUHsjbjFJb23zHvjQMdQ5vzPZeLguuxU0+XMUusDWW0Hg==
oU2MTwfIv8gRKIof6Hs0VFLG4MBbJiHUgnJZ44QNORkVEnDK38jzLUq5yYmPLhrArR3CeqoVflKjmBGie6gqpsfIz0ulgosytRYnvTt+tBs=
byCtwrg9lceAOJey5PAe4xs214V2NQrYWhL+qZSflfRLYVOLuPgWJeApjXo996oWC2ReNpfhRy37jfsai60v62q7+ZMHpxkrtD19tAY=
x/fFEgXXZ90I+mxSNYdF2maY23SGvlyAx/ESi/yvY02nbDvQsZOIUSkNGlPtm+arsmFy9QXpt7yNSQrV5+/gvth0J0DVIF+uicNn/SH7oCqTkDH6qwCsHjeAr1O16svKBZ6HZWtWtCM=
cxuxVB/mzaxIkKPLezIRDeLzo8be2KrXTyrJhc3cz0Xz0hh8TCRJt4rLzEgWJRBcZ+PM1cisj9tqtOxtRqEZkHZXQDis6Je0TazfKgE/92lZVwDOO8xBTnPMbFp/vH+HjYar7u2CtxFzWrQn
sqDa3G7n2elP3LEK7JAOQCk3PAikOEK1ogkexXZpXsrYOpGx0u/+wgMo0fKb2Cy25/iPm8VyC6IVpuft2w60Cw==
pz80wNnBHKaZCKwgy98BGA6u37kEHeHuvEhsF2uNhOIh2DQoLZL/GlzYgoJoyCa+u9opt4qcL4c7ibN9T1WH0rH127tek5VzK48NW6AFYbQa
TxQvfTemTeHPm6rn1G5iZ2aY23SGvlyAx/ESi/yvY02nbDvQsZOLUSkNGlPtm+arsmFy9QXpt7yNSQrV5+/gvth0J0DVIFunnsRn/SH7oCqTkDH6qwCtGTeAr1O16svKBZ6HZWtWtCM=
PWsUsMIrEhojpPwCcCjj7X0pOx2/MjCr6gkJ2W9eGtCOLYKqyuX+wgMo0fKb2C+25/mPm8VyC6IVpuft2w60Cw==
FwWLsBgJ1asBzkSdH+4UAGsWx7IXWwJ7z4XtWadIz262IBCa0s1ZBQeqmlwWiTIWArEervsswe6z7G96vx3/Z03mqw6t4jexM3q0Bw==
iOidlo6kp6azaE2Rs8+Wb3ce2/sITBN6gJK/D+lGwGa3LFOR0s1ZBQeqmlwWiTIWArEervsswe6z7G96vx3/Z03mqw6t4jexM3q0Bw==
oRZyh0681I8intZZIScDyAEowIQiY0vZH0WioI+flfRLYVOLuPgWJeApjXo99KoWC2ReNpfhRy37jfsfi60u62q7+ZMHpxkrtD19tAY=
3bJCs/lfhC/s1Ol8+YesD6+M4hj8kiQopo2VHmMCdY27smUqNhZ4k2iPSBfjbO0tlbveFBA9FgXbumtYXI6NiDiGUa1hNY2B7X9dYVgzzDd/I2FLX3NCEWu0EA==
LUH9VAyKLKPaXTJpwI2wLVJx9r6GWrpp0FfJROc5t+scQLq1nKEJ+rl8Voan3PrW8znrnSfFP19PZXIbBmPds+Pf9TuINXm0Ag==
0RvWEwd/aBFaWl8yhT58iIj+chU/n4y+DlEVwqv2eC62z0ZvZgvtVOMxm8vwCH4F+FmVeiUEsjbjFJb23zHvjQMdQ5/zPZaLguuxU0+XMUusDWW0Hg==
742qKvky3BMtlwglcILQjlJx9r6GWrpp0FfJROc5t+scQLq1nKEJ+rl8Voan3PrW8znrnSfFP15PZXIbBmPds+Pf9TuINXm0Ag==
wM9MLvdm8vTQtDyO2+NOJq+M4xj8kiQopo2VHmMCdY27smUqNhZ4k2iPSBfjbO0tlbveFBA9FgXbumtYXI6NiDiGUa1hNY2B7X5dYVgzzDd/I2FLX3NCEWu0EA==
x5gj3X40FIYQae5JRpkHh1Jx9r6GWrpp0FfJROc5t+scQLq1nKEJ+rl8Voan3PrW8znrnSfFP11PZXIbBmPds+Pf9TuINXm0Ag==
DPSKDchp1zya9gHxl595r6+M4hj8kiQopo2VHmMCdY27smUqNhZ4k2iPSBfjbO0tlbveFBA9FgXbumtYXI6NiDiGUa1hNY2B7X1dYVgzzDd/I2FLX3NCEWu0EA==
6Ae/NXHsPD0x4ajla6sVplLG4MBbJiHUgnJZ44QNORkVEnDK38jzLUq5yYmPLhrArh3CeqoVflKjmBGie6gspsfJz0ulgosytRYnvTt+tBs=
2/fJm7qSy+OsjgyZQQR1K1Jx9r6GWrpp0FfJROc5t+scQLq1nKEJ+rl8Voan3PrW8znrnSfFP1tOZXIbBmPds+Pf9TuINXm0Ag==
MQmbOLjWUZCScsGncUUuHK+M4xj8kiQopo2VHmMCdY27smUqNhZ4k2iPSBfjbO0tlbveFBA9FgXbumtYXI6NiDiGUa1hNY2B7XtcYVgzzDd/I2FLX3NCEWu0EA==
zDJHje1Jgq+LlQcW32v5UFLG4MBbJiHUgnJZ44QNORkVEnDK38jzLUq5yYmPLhrArh3CeqoVflKjmBGie6gqp8fJz0ulgosytRYnvTt+tBs=
Hos560JbtNbmUUby7m+I2TthThp2YmkyY/iRwrvIKcAHqU8rZeKLUnV2p937HrR7
E7+zhZrCdm16jx8f8Wt26s7RUkHLkaU+ij8oliEVVX1vSIfWqQD3PklqszfHWflEO4gxuP//1wi0cQ==
+HuRLrUq2stMtRzl9Z9Hio9d8kREad3BNHTEIZs7jcWVZVk5Qbg3mQzjeJ+jQ50ji8P2yQe0fA==
hC6U+WAslXJogp+XY7iWlAl+bz9ce25+TeGGoEQFOva3uedQLrXOPFEuKcXx5ApvievfN0sw48mJ2Sxxv2yiBHlox3Yp4LceSEpzV0f5OWQ7aHFYf18XaLQR
K/bovdyMsmFkT2AAhxyi7TK9lxWouTkNIsDliDpwL2/y2Z164jwNIf3/sM0LUEZh0LHqb1fBKKn6ylTTc4h9QYPZW93XpQ9YOUVCW/bDbTNzfyV7WBVptBI=
16OILPmWx8zWxdVe+WYVxO/pyWoa0vzjXkxH56uSZuM6FjHAFdfp4g51mZXzFSMGN4PJF3DDR8oG/sn2S/ShdgN06OQPhZ+//b5rVp06V6kDYrQf
