iR3VoNb3xhTK430P+4AM4GPPwvtPWrqywF12CWuKiv1VyjIoMoTxGFyNhJJo/WO99dc4sYqNDuQhi7p8TUee37/82rJRkIVjLI8GSqwFZqkR
B7fY5RLSKvop0UG/EaDy3d/4242Yog+Y1FQMv6lj2N23iAxpRuYQl1yK1XcIqlWXztwKn27+Kgzr1+HbDpsnd6kC
PSJiBWJSqbr/cWVHA3+873JiZ2Bd7cW3ZzQk2oqYPXEbbJB/y3N6SRXX2426V0FK9rd6SBVf8K0PMQOVfN4dE5gu/UeOCCKbfpriWEtDaT9eXw9jqRY=
q/KRSXmp6Hy1yQbg/VfTmyqQgr5PBvfyhwt4H2+KivtkhGg5PImwchiHk4Jk0C21+J48s6qBGOQhi7p8TUeS3r/82rJRkIVjLI8GSqwFZqkR
n770vWd/engvqE2Vusv6wrSSjKT0iWMTRZaEHJCZmW796z1Uv+LzBRQcGE+PeVMJOTtE30hHTD1SRpY3mop/PMnbqUEXPNqw5ZrA7JCv4sy38bhJ0g++B3vvnGe0gOre6M746BnSGkVCbqlTf73MUNE5sFh59qj2+SEm/Paa261FNRbJq7GpyA==
srn/Tm6mgCvvkapvfXg5At/4242Yog+Y1FQMv6lj2N23iAxpRuYQl1yK1XcIqlWQyNwNn27+Kgzr1+HbDpsnd6kC
SOfKvPaMaOVmWLmuV1UBHlqx+kifPJNZyHKlMnTwpCs591BZNwyE/dZyuDP8Ln2jWH4dVYgYRUs+KgIoy/PJzx6PL3OpBg==
Yh0Ak/zWA+Z8MXWe5qPioFqx+kifPJNZyHanPHTwpCs591BZNwyE/dZyuDP8Ln2jWH4dVYgYRUs+KgIoy/PJzx6PL3OpBg==
SOfKvPaMaOVmWLmuV1UBHlqx+kifPJNZyHKlMnTwpCs591BZNwyE/dZyuDP8Ln2jWH4dVYgYRUs+KgIoy/PJzx6PL3OpBg==
JG03fiaf3dr9MD0AEv3h65dW/wLJQ/Agt/t9Y47JX////zl11i4dZHk0Y79gFLdDgvjtP6BayyQH88773AKWIXSpAw==
RqyOlpKaiqe6+vsiI7dN9DT2+FW7pmre2fVRTaACL1wk9CtvyLQv0xp4da84uqP0TzOGC7Ti7tEMqXs=
mgkK0x4u3gkpPsX0mBsLiYYgOMJxdxrhIlhu8h+NTGCxiXBoGUeoRpkR5kyWqludJYXW+csBqXg=
+8qm+Ek33l2FOD24aY/5wSppy9cvmVEZQ08tZlrmybgZBhoS2M3LiTHhBvgfpOOR6H63BDQINKPZv2BBNxS0tTb6KMu8Fm2reLZtzQ+AtQMeIhIQC4tZR35HH2upHg==
DttqheE6AuInPemSHJjPNCLLhOGKPwFnRjFi3rwI/6ijQ2Jh04FjMr9iFn4aEMfCzZvMzZxz+q5pTjIxC98WUZDIV35Q9MiuUAInLwhyGFZ8aUlxajKqLQz4yUhEwTcyQBX5zoyoDJWOwI+vZpqin5wCpU/ockXXSBQcxA7G2oSr31EjLsO3v6nK
fe8fjriSDADvI/DG5m4QHNG70I+EsA6KxURPr7Y22NeMyQs5SvgaglyK1XcIqlWWz9wMnG7+Kgzr1+HbDpsnd6kC
SzQRY4myEBFyJZik/OxhDc2zdA011C5kRjFYDgF5eQQxykRRFKQQB2t2/KEgw9TqwGGrYyN/JTlMwbytbBt+FO553jCv6jU5Af+Dtlo2aShYAnR1Unrrs/AX5iVe4Zf9pGmw+vrI1OwQFs0YWgMOHPH92yc8pk27OMYNmA5QVPDeMjKgi/s5Vz73v7upzg==
T+P83j0HSzN7FAUdlyi2Et/4242Yog+Y1FQMv6lj2N23iAxpRuYQl1yK1XcIqlWUztwMnG7+Kgzr1+HbDpsnd6kC
SrOnR+gniXonpDRTe1yLkFqx+kifPJNZyHKlMnTwpCs591BZNwyE/dZyuDP8Ln2jWH4dUY4YREg+KgIoy/PJzx6PL3OpBg==
/IoFdr4vbop2OnZRElA2klqx+kifPJNZyHanPHTwpCs591BZNwyE/dZyuDP8Ln2jWH4dUY4YREg+KgIoy/PJzx6PL3OpBg==
SrOnR+gniXonpDRTe1yLkFqx+kifPJNZyHKlMnTwpCs591BZNwyE/dZyuDP8Ln2jWH4dUY4YREg+KgIoy/PJzx6PL3OpBg==
t8nWOOGC8JT0W1mY4HEzT5dW/wLJQ/Agt/t9Y47JX////zl11i4dZHk0Y79gFLdDhv7tPqNayyQH88773AKWIXSpAw==
YL+u5GXA67TYSU9UF6GNtzT2+FW7pmre2fVRTaACL1wk9CtvyLQv0x5+da47uqP0TzOGC7Ti7tEMqXs=
6XZPMJ+WcMaGx84kDy/NfoYgOMJxdxrhIlhu8h+NTGCxiXBoGUOuRpgS5kyWqludJYXW+csBqXg=
vUmXJGcRlnLrWVQTVAGM/dwQhTciQTjkAUsa/O2Ht9nfNr8yMVDlY0xPZsrMxQapcQ==
bOcTYJK4mx5FrMjKxxGF4DT2+FW7pmre2fVRTaACL1wk9CtvyLQv0x15daI9uqP0TzOGC7Ti7tEMqXs=
5HqMuUW97lwnZx8AUhCmnYYgOMJxdxrhIlhu8h+NTGCxiXBoGUCpRpQU5kyWqludJYXW+csBqXg=
9VA55SE4K/Fbs3VDq/nequ3Gqw31jDM+uon+BXMQWs7wtWUvJQdpky/bDlCkP+wtk6yVAxsnDAn68zVKXpu4hRL0S69oNI+T/HlVYl06wzRvM2ZLVGJOEWypGw==
LyuSqvoZbC2UWSvO8WoOxgl+Yj9Ue355Sb/HrFQfMLv9vOVSO6TFfAs/IovruQNolPzZPEsx79mT1Gghv12bORxyxX8o4qUPSURwUk72OnQrb3FTblMXb6ka
RdNJk6izjDo2teYtrBlyNci/MAxwmZ2oNBJexavzaz+nzwE7IEyqB+Ixndy7H3Uf4lW0M3sWsCPWGbyExTPmjAEPUpn7PpOCjeihQ0iXOlqgDWKpFQ==
