ZMHvPR5L1oW5o48NTs/8kwWAv5QBYGeUjCgXscJHPgJsVW3J2sTxVRiz3o+JPxqd8gbTfL4Of1KjmBGie6gpocfJz0ulgosytRYnvTt+tBs=
Zko6ZhKwQBU9A3LcN2xs7BHwceNAc3KpuDEXxJ2rN7XGfkhz0iuOF6vpQz2fdbffwBWKe+4zBfPb790bkCVxtAo=
J/LZBe1O1cavoNI3TIEjhsq0NBg6houvLV8fwrn5aWWmwEwuMUfkE/E6mojiHn4F7lOpNHBV4CPnIIHh3zHvjQMdQ530PZaLguuxU0+XMUusDWW0Hg==
Ylt1Kgodm7u+fJvQq33n2Uzf/9EBPCrUy34Zp8ZHPgRdGzfY1MmwP1y5yZ+FElSV/0/Xfp4CaVKjmBGie6gtocfJz0ulgosytRYnvTt+tBs=
yUqZ6p/g31DGRMDTjuzsODZDkepaEwtqi4/yDPBTzHSsLGKZms1OGR6d3kZAniMDEqwPrvsswe6z7G55vx7/Z03mqw6t4jexM3q0Bw==
iGGY9jzv3HOVLkIHL2FIgQ6u37kEHeHuvEhsF2uNhOIh2zQoLZL/GlzYgoJoyCa+u9opt4qcL4c7ibN9T1WH0rT12btek5VzK48NW6AFYbQa
XX3J4a1WqHJuLkg/818knnJIo5j2Walj3B7BQKFnm9gUCLqigLg+vqMqQZeyzOfH8znrnSfFP19PZXEbBmPds+Pf9TuINXm0Ag==
afwJebsSQPtUDgPUcOO2Cw6u37sOHeTgokhsF2uNhOIh2jYiLZfxBFzYgoJoyCa+u9opt4qcL4c7ibN9T1WH3Lf12btek5VzK48NW6AFYbQa
B6vvvPLH0+2KvetoFppUA8kSiGRQhmA3s5FmFjWV/5iLRUkCE5S3hYRlwqHt6EUzNJv+CXRZA/TJU6s1WgacQ8bDwrcngbdtq23LE3uNfSvaGwkTl0dJa0QdbbQW
9yngYiXQDt5J2/aI5D2y3maY23SGvlyAx/ESi/yvY02nbDvQsZOJUSkNGlPtm+arsmFy9QXpt7yNSQrV5+/gvth0J0DVIFunnsRn/SH7oCqTkDH6qwCpHDeDr1O16svKBZ6HZWtWtCM=
HgDPRTW5gN6Ixsp4Z3oQYeLzo8be2KvXTirJhc3cz0Xz0hh8TCRIt4rLzEgWJRBcZ+PM1cisj9tqtOxtRqEZkHZXQDis6Je0TazbIxY492lZVwDOO8xBTnPMbVh/v3+HjYar7u2CtxFzWrQn
NOCM5HlIZkYPWEPbxkn2z30pOx2/MjCr6gkJ2W9eGtCMLYKqyuX+wgMo0fKb2C+15/uPm8VyC6IVpuft2w60Cw==
CbZhAFkXky6YszbF7rt4rWsWx7IXWwJ7z4XtWadIz262IBCa0s1ZBQeqmlwUiTIWArEervsswe6z7G95vx//Z03mqw6t4jexM3q0Bw==
x1Voy8IQlQhgWrZUqHP5W6+M4hj8kiQopo2VHmMCdY27smUqNhZ4k2iPSBfjbO0tlbveFBA9FgXbumtaXI6NiDiGUa1hNY2B7X9eYVozzDd/I2FLX3NCEWu0EA==
d9Po3yAxU1aoelh84ge/IC0QrzrWCUIXDQ6MZAPtTZPzukObwM7dskdgEhcW1cnksIqIBvSJXssHfOkleZuy3NSNcr0nOhfiuD7JwNSmPaVlJenZMbkBOf6jSL/Tw80Dm4NmaVe0LA==
MQEbvMGbEELAikpVJRC6zVJx9r6GWrpp0FfJROc5t+scQLq1nKEJ+rl+Voan3PrW8znrnSfFP15PZXAbBmPds+Pf9TuINXm0Ag==
c8sZCNOQSJOHMBs56Jo1tq+M4hj8kiQopo2VHmMCdY27smUqNhZ4k2iPSBfjbO0tlbveFBA9FgXbumtaXI6NiDiGUa1hNY2B7X5dYVozzDd/I2FLX3NCEWu0EA==
0eqs4twzfHkUvHS+dCF6wVLG4MBbJiHUgnJZ44QNORkVEnDK38jzLUq5yYmPLhrArB3CeqoVflKjmBGie6gtpsfLz0ulgosytRYnvTt+tBs=
Z5wPaPrI9czHYH+KyQCC8FJx9r6GWrpp0FfJROc5t+scQLq1nKEJ+rl+Voan3PrW8znrnSfFP1NPZXAbBmPds+Pf9TuINXm0Ag==
RrHJOwbHvUMG4yvmdiLwX66M4hj8kiQopo2VHmMCdY27smUqNhZ4k2iPSBfjbO0tlbveFBA9FgXbumtaXI6NiDiGUa1hNY2B7XNdYVozzDd/I2FLX3NCEWu0EA==
xgkplL6MI9kAe3apg0mpcFLG4MBbJiHUgnJZ44QNORkVEnDK38jzLUq5yYmPLhrArB3CeqoVflKjmBGie6gipsfLz0ulgosytRYnvTt+tBs=
zih7E3iwCHEJiCstlT/F6i0QrzrWCUIXDQ6MZAPtTZPzu0ObwM7dskdgEhcW1cnksIqIBvSJXssHfOkleZuy3NSNcr0nOhfiuD7JwNSmPaVlJenZMbgAOf6jSL/Tw80Dm4NmaVe0LA==
bgq2AoOG61YE0rwM7IUBSFJx9r6GWrpp0FfJROc5t+scQLq1nKEJ+rl+Voan3PrW8znrnSfFP15OZXAbBmPds+Pf9TuINXm0Ag==
41UVOFDXw2S+xKgZeIT/Ua+M4hj8kiQopo2VHmMCdY27smUqNhZ4k2iPSBfjbO0tlbveFBA9FgXbumtaXI6NiDiGUa1hNY2B7XpbYV0zzDd/I2FLX3NCEWu0EA==
Kxxz5bFCe1SzZUOAOD+xJy0QrzrWCUIXDQ6MZALtT4rlukObwMDdskdgEhcW1cnksIqIBvSJXssHfOkleZuy3NSNcr0nOhfiuD7JwNSmPaVlJenZMbgGOfmjSL/Tw80Dm4NmaVe0LA==
azkoa2AJ8w+t0tGImJg2qtPSxrPDZnjp7ItjtmL4rJ3BFmsCzQdOQFMuydici5ilZ3heMuaaWmnwl2nEB/nX6/wAGjU84en62b72BgccmtYTeYsdh4UfXSgll5umo/2zwx+Vu2h1WbQi
e++SK/csVRJfBGMdxXJLeRs214V2NQrYWhL+qZSflfRLYVOLuPgWJeApjXo99qoWC2ReNpfhRy37jfsSjK0r62q7+ZMHpxkrtD19tAY=
YHz8/93nNReBfWy24MV4DlLG4MBbJiHUgnJZ44QNORkVEnDK38jzLUq5yYmPLhrArB3CeqoVflKjmBGie6giocfMz0ulgosytRYnvTt+tBs=
e++SK/csVRJfBGMdxXJLeRs214V2NQrYWhL+qZSflfRLYVOLuPgWJeApjXo99qoWC2ReNpfhRy37jfsSjK0r62q7+ZMHpxkrtD19tAY=
HDfButof4EYGPpKROrMcqlLG4MBbJiHUgnJZ44QNORkVEnDK38jzLUq5yYmPLhrArB3CeqoVflKjmBGie6grpMfNz0ulgosytRYnvTt+tBs=
vyy3va18QkcbaKJawdIZgFJx9r6GWrpp0FfJROc5t+scQLq1nKEJ+rl+Voan3PrW8znrnSfFP1pMZXYbBmPds+Pf9TuINXm0Ag==
sitjCxv1bgIBzrHfHJo5Rq6M4hj8kiQopo2VHmMCdY27smUqNhZ4k2iPSBfjbO0tlbveFBA9FgXbumtaXI6NiDiGUa1hNY2B7XpeYVwzzDd/I2FLX3NCEWu0EA==
zwVW546CQy3AO0xbbFai6NPSxrPDZnjp7ItjtmL4rJ3CFmsCzQdOQFMuydici5ilZ3heMuaaWmnwl2nEB/nX6/wAGjU84en62b72BgccmtYTeYsdh4UfXi8llpumo/2zwx+Vu2h1WbQi
UL/vNL9pjLBK2rE+yl4Ujxs214V2NQrYWhL+qZSflfRLYVOLuPgWJeApjXo99qoWC2ReNpfhRy37jfsSi60q62q7+ZMHpxkrtD19tAY=
dS/5gOGcyyPhg88ALRL3alLG4MBbJiHUgnJZ44QNORkVEnDK38jzLUq5yYmPLhrArB3CeqoVflKjmBGie6gipsfNz0ulgosytRYnvTt+tBs=
rcxi/n6sy+lVdjU5mLxIKik3PAikOEK1ogkexXZpXsrYOpGx0u/+wgMo0fKb2C605/+Pm8VyC6IVpuft2w60Cw==
/fe4FlbwsJ+tX18+fqSZUjYb8lsUhbmBpbqQsg+As/U6UemxnyYa2Jw1ooL63b4KU/CxGusgozx3Zy8zdcrL6sX+B4UrdrQD
5KIxeZjkmDprrm2tl3zzInE/jQPFt5Xl+vvLdlAmn5+OgUckebTAEaae8UmScRDA1rCQCjJ9GfUnuppMNHlypuIhnj6bnAGek/xjaJ9rP9ctdiueTVJ3QRNqtBc=
m6CH/iJRVrFCQEpFwQO7v3E/jQPFt5Xl+vvLdlAmn5+OgUckebTAEaae8UmScRDA1rCQCjJ9GfUnuppMNHlypuIhnj6bnAGek/xiaJ9rP9ctdiueTVJ3QRNqtBc=
MYNLaCTineu/QphuLSsYXEUQaYecm7bCIPtOZ0DY2Rx0DdJ9Rzr3ohi+aYA0ph1lxaUJGVG4InlaIyh/M8Ptw/sDhil3tAw=
6xq2uOPZt7kU7aHLsq7GugsBZ8FwqiDG6OcGWYLleS0XoppUBKESPlJ5XmarhGFGI2Tu8S+zX88dLuvG/coXmSNytA8=
OQJBoWuKV5PxyztkNdWrLmsWx7IXWwJ7z4XtWadIz262IBCa0s1ZBQeqmlwUiTIWArEervsswe6z7G55vxv/Z03mqw6t4jexM3q0Bw==
YWl0h8TT1GnBd2Q1sHzcra+M4hj8kiQopo2VHmMCdY27smUqNhZ4k2iPSBfjbO0tlbveFBA9FgXbumtaXI6NiDiGUa1hNY2B7X5eYV4zzDd/I2FLX3NCEWu0EA==
VSTXJNScl3LMBpFjHNAhVVJx9r6GWrpp0FfJROc5t+scQLq1nKEJ+rl+Voan3PrW8znrnSfFP11MZXQbBmPds+Pf9TuINXm0Ag==
C6alzy8Bt1YpnWvMFSzKwK6M4hj8kiQopo2VHmMCdY27smUqNhZ4k2iPSBfjbO0tlbveFBA9FgXbumtaXI6NiDiGUa1hNY2B7X1eYV4zzDd/I2FLX3NCEWu0EA==
UrZkkuzGHNl753zCPLru6BeWkDdynZlV59qaLPTZ8kaiAZ4eW/yBPtMcbY3fxL+37VYrvg2y9+HTCrR3
4AnUNGxg5+w+QA/61nz2C2xlPxK+NDC26gkJ2W9eGtCMLYKqyuX+wgMo0fKb2COx5/CPm8VyC6IVpuft2w60Cw==
+2RSjBbaO9bg27cR46VfVyd5203esdbn6ufNUlAm3p7HgkoqfOvCC6GZvx/JNgDW17zTATJ9GfUnuppMNHlypuIhnj6bnAGek/xqap9lP9ctdiueTVJ3QRNqtBc=
lS3CJTyMhmGHB/rGqAOwVNPSxrPDZnjp7IVjtmL4rJ3CFmsCzQdOQFMuydici5ilZ3heMuaaWmnwl2nEB/nX6/wAGjU84en62b72BgccmtYTeYsdh4UfWCklmpumo/2zwx+Vu2h1WbQi
mIvFpDJrkRX6Z06L3Br3MdPSxrPDZnjp7ItjtmL4rJ3CFmsCzQdOQFMuydici5ilZ3heMuaaWmnwl2nEB/nX6/wAGjU84en62b72BgccmtYTeYsdh4UfUyklmpumo/2zwx+Vu2h1WbQi
Iwsp5OwawkC1aeE11XA0NFLG4MBbJiHUgnJZ44QNORkVEnDK38jzLUq5yYmPLhrArB3CeqoVflKjmBGie6guocfBz0ulgosytRYnvTt+tBs=
XMnL53yGe4R9QeCvrvMreWaY23SGvlyAx/ESi/yvY02nbDvQsZOJUSkNGlPtm+arsmFy9QXpt7yNSQrV5+/gvth0J0DVIF+uicNn/SH7oCqTkDH6qwCsHTeAqFO16svKBZ6HZWtWtCM=
j0y4bP3pzscEBCjsyM0Ww2eY23SGvlyAx/ESi/yvY02nbDvQsZOJUSkNGlPtm+arsmFy9QXpt7yNSQrV5+/gvth0J0DVIFunnsRn/SH7oCqTkDH6qwCsHjeAqFO16svKBZ6HZWtWtCM=
k+ByCOf1QuC/Zv7M28kdH+Lzo8be2KvXTirJhc3cz0Xz0hh8TCRIt4rLzEgWJRBcZ+PM1cisj9tqtOxtRqEZkHZXQDis6Je0TazfKgE/92lZVwDOO8xBTnPMa1t/vHiHjYar7u2CtxFzWrQn
XGoyFDe8Fv6sFBf/bBuNSuPzo8be2KvXTirJhc3cz0Xz0hh8TCRIt4rLzEgWJRBcZ+PM1cisj9tqtOxtRqEZkHZXQDis6Je0TazbIxY492lZVwDOO8xBTnPMblt/vHiHjYar7u2CtxFzWrQn
3J9Lg5Hgq+PtnTUlhqWSlmeY23SGvlyAx/ESi/yvY02nbDvQsZOJUSkNGlPtm+arsmFy9QXpt7yNSQrV5+/gvth0J0DVIF+uicNn/SH7oCqTkDH6qwCrGTeGqFO16svKBZ6HZWtWtCM=
3cNyeaDOohuExiFrdSIfH+Pzo8be2KvXTirJhc3cz0Xz0hh8TCRIt4rLzEgWJRBcZ+PM1cisj9tqtOxtRqEZkHZXQDis6Je0TazfKgE/92lZVwDOO8xBTnPMa11/uniHjYar7u2CtxFzWrQn
doodlZJiw8bl9Gn78Xnr1ig3PAikOEK1ogkexXZpXsrYOpGx0u/+wgMo0fKb2Cux5/6Im8VyC6IVpuft2w60Cw==
FeZ/JK6F/injbIHHvCLUlg6u37kEHeHuvEhsF2uNhOIh2DQoLZL/GlzYgoJoyCa+u9opt4qcL4c7ibN9T1WH3bD13bxek5VzK48NW6AFYbQa
xJ3a3S0gFOVSvARSMyrQhQ6u37kEHeHuvEhsF2uNhOIh2TQoLZL/GlzYgoJoyCa+u9opt4qcL4c7ibN9T1WH0rD13bxek5VzK48NW6AFYbQa
qUNwWNyWS3nc7/+5oDKCt2eY23SGvlyAx/ESi/yvY02nbDvQsZOLUSkNGlPtm+arsmFy9QXpt7yNSQrV5+/gvth0J0DVIFunnsRn/SH7oCqTkDH6qwCvHTeHqFO16svKBZ6HZWtWtCM=
H/c0+B7ATvEB2+WRdmUQIePzo8be2KrXTirJhc3cz0Xz0hh8TCRLt4rLzEgWJRBcZ+PM1cisj9tqtOxtRqEZkHZXQDis6Je0TazbIxY492lZVwDOO8xBTnPMYll/u3iHjYar7u2CtxFzWrQn
9PklwEQKmqKEkwvvqcf0rRHMBUkk56IzZY/79cP5PZ3Fi43uXWxJffnl7KzDIfgM8F2W/TyXEfbG7VEEPVP/P4X7zCg163qjdliZ/QmVFRF1+8TxxtRkZzfjqTt3k3phU7Qo
Dt3rh9JJ3hZUK62iGbRYYX0pOx2/MjCr6gkJ2W9eGtCOLYKqyuX+wgMo0fKb2Cm05/CIm8VyC6IVpuft2w60Cw==
PjUxySvngymN63HmeEuXcWsWx7IXWwJ7z4XtWadIz262IBCa0s1ZBQeqmlwWiTIWArEervsswe6z7Gl4vxT4Z03mqw6t4jexM3q0Bw==
Yxx6jp/sPDxaIfG6zW+Uda+M4hj8kiQopo2VHmMCdY27smUqNhZ4k2iPSBfjbO0tlbveFBA9FgXbumtYXI6NiDiGUa1hNY2B7XlfYVE0zDd/I2FLX3NCEWu0EA==
8aJ+ePr2/SV3iMwCTNfGY9PSxrPDZnjp7ItjtmL4rJ3BFmsCzQdOQFMuydici5ilZ3heMuaaWmnwl2nEB/nX6/wAGjU84en62bz2BgccmtYTeYsdh4UfXy0lm5ymo/2zwx+Vu2h1WbQi
AyNHLSY4i99kR/IYlUGnr1LG4MBbJiHUgnJZ44QNORkVEnDK38jzLUq5yYmPLhrArh3CeqoVflKjmBGie6gupMfAyEulgosytRYnvTt+tBs=
7/L3XYT3SKByz5089JkRR1Jx9r6GWrpp0FfJROc5t+scQLq1nKEJ+rl8Voan3PrW8znrnSfFP11NZXscBmPds+Pf9TuINXm0Ag==
t8+d4PgntcGWkUgb1iwW7oj+chU/n4y+DlEVwqv2eC62z0ZvZgvtVOMxm8vwCH4F+FmVeiUEsjbjFJb23zHvjQMdQ53xPZ+MguuxU0+XMUusDWW0Hg==
Q7m6ycknq9KCTkLkorgYEFLG4MBbJiHUgnJZ44QNORkVEnDK38jzLUq5yYmPLhrArh3CeqoVflKjmBGie6gspMfAyEulgosytRYnvTt+tBs=
nPEbjNj/kPLpm7uJJ+USb1Jx9r6GWrpp0FfJROc5t+scQLq1nKEJ+rl8Voan3PrW8znrnSfFP1NNZXscBmPds+Pf9TuINXm0Ag==
NwbNrWsBbePP3mZ6b14f0K+M4xj8kiQopo2VHmMCdY27smUqNhZ4k2iPSBfjbO0tlbveFBA9FgXbumtYXI6NiDiGUa1hNY2B7XNfYVE0zDd/I2FLX3NCEWu0EA==
6zf8WCnfXkOPYskvKXMIKX0pOx2/MjCr6gkJ2W9eGtCPLYKqyuX+wgMo0fKb2Cm25/CIm8VyC6IVpuft2w60Cw==
aM05tSk8NSe8ZEulo8/KF2sWx7IXWwJ7z4XtWadIz262IBCa0s1ZBQeqmlwXiTIWArEervsswe6z7Gl6vxT4Z03mqw6t4jexM3q0Bw==
PDdOn+H54hVuIpjZQHn1ea+M4xj8kiQopo2VHmMCdY27smUqNhZ4k2iPSBfjbO0tlbveFBA9FgXbumtZXI6NiDiGUa1hNY2B7XldYVE0zDd/I2FLX3NCEWu0EA==
FyVyVDW4tgPSxLrBc5ggaFJx9r6GWrpp0FfJROc5t+scQLq1nKEJ+rl9Voan3PrW8znrnSfFP1lPZXscBmPds+Pf9TuINXm0Ag==
PcY1X4ESOJJNoSmkN9h7ga+M4hj8kiQopo2VHmMCdY27smUqNhZ4k2iPSBfjbO0tlbveFBA9FgXbumtZXI6NiDiGUa1hNY2B7XldYVE0zDd/I2FLX3NCEWu0EA==
bi0SVN/mcmPgZzHpQMFFdNPSxrPDZnjp7ItjtmL4rJ3CFmsCzQdOQFMuydici5ilZ3heMuaaWmnwl2nEB/nX6/wAGjU84en62b32BgccmtYTeYsdh4UfXy8lm5ymo/2zwx+Vu2h1WbQi
2KUaOD9WEFN1pTfgSBj3JVLG4MBbJiHUgnJZ44QNORkVEnDK38jzLUq5yYmPLhrArx3CeqoVflKjmBGie6gupsfAyEulgosytRYnvTt+tBs=
ScB8vd6j/e91kq6DGw6ZvlJx9r6GWrpp0FfJROc5t+scQLq1nKEJ+rl9Voan3PrW8znrnSfFP11PZXscBmPds+Pf9TuINXm0Ag==
dQdTEuuxwr6ncqQtflll6Yj+cxU/n4y+DlEVwqv2eC62z0ZvZgvtVOMxm8vwCH4F+FmVeiUFsjbjFJb23zHvjQMdQ53zPZ+MguuxU0+XMUusDWW0Hg==
ScB8vd6j/e91kq6DGw6ZvlJx9r6GWrpp0FfJROc5t+scQLq1nKEJ+rl9Voan3PrW8znrnSfFP11PZXscBmPds+Pf9TuINXm0Ag==
ZWaIqfSp8wDQ2IJdABSub4j+chU/n4y+DlEVwqv2eC62z0ZvZgvtVOMxm8vwCH4F+FmVeiUFsjbjFJb23zHvjQMdQ53zPZ+MguuxU0+XMUusDWW0Hg==
7r9opfMFl8ICjweaEb4O3VLG4MBbJiHUgnJZ44QNORkVEnDK38jzLUq5yYmPLhrArx3CeqoVflKjmBGie6gspsfAyEulgosytRYnvTt+tBs=
6LQigNwz3W7kq6KhDTC7SFJx9r6GWrpp0FfJROc5t+scQLq1nKEJ+rl8Voan3PrW8znrnSfFP15IZXscBmPds+Pf9TuINXm0Ag==
dUVcklX24etc3/ZMy+Ihd4j+chU/n4y+DlEVwqv2eC62z0ZvZgvtVOMxm8vwCH4F+FmVeiUEsjbjFJb23zHvjQMdQ570PZ+MguuxU0+XMUusDWW0Hg==
z620gzmkwAhOiw1u0MByVtPSxrPDZnjp7ItjtmL4r53CFmsCzQdOQFMuydici5ilZ3heMuaaWmnwl2nEB/nX6/wAGjU84en62bz2BgccmtYTeYsdh4UfWi0lmpymo/2zwx+Vu2h1WbQi
3XZuS+j8nJpQVtQqB/AJ49PSxrPDZnjp7ItjtmL4rJ3DFmsCzQdOQFMuydici5ilZ3heMuaaWmnwl2nEB/nX6/wAGjU84en62bz2BgccmtYTeYsdh4UfXSwlmpymo/2zwx+Vu2h1WbQi
PNQDXjtRp2KdMvipdOS1ylJx9r6GWrpp0FfJROc5t+scQLq1nKEJ+rl9Voan3PrW8znrnSfFP1JMZXocBmPds+Pf9TuINXm0Ag==
otNXdDoupvqUJtFp/BnCcIj+chU/n4y+DlEVwqv2eC62z0ZvZgvtVOMxm8vwCH4F+FmVeiUFsjbjFJb23zHvjQMdQ5LwPZ6MguuxU0+XMUusDWW0Hg==
Qn4hOonRT/7kjJttinFhOdPSxrPDZnjp7ItjtmL4r53DFmsCzQdOQFMuydici5ilZ3heMuaaWmnwl2nEB/nX6/wAGjU84en62b32BgccmtYTeYsdh4UfXS8lmpymo/2zwx+Vu2h1WbQi
vyHWHJqLfbVBB/fPYh1BlVJx9r6GWrpp0FfJROc5t+scQLq1nKEJ+rl8Voan3PrW8znrnSfFP1JJZXocBmPds+Pf9TuINXm0Ag==
wQEFNXfynLSUoAKJQGZm1Yj+chU/n4y+DlEVwqv2eC62z0ZvZgvtVOMxm8vwCH4F+FmVeiUEsjbjFJb23zHvjQMdQ5L1PZ6MguuxU0+XMUusDWW0Hg==
XGqcO8XQD2yVrQUi3GdQxVJx9r6GWrpp0FfJROc5t+scQLq1nKEJ+rl8Voan3PrW8znrnSfFP11IZXocBmPds+Pf9TuINXm0Ag==
AFsfBBJx1dj46ab4tuiRYK+M4hj8kiQopo2VHmMCdY27smUqNhZ4k2iPSBfjbO0tlbveFBA9FgXbumtYXI6NiDiGUa1hNY2B7X1aYVA0zDd/I2FLX3NCEWu0EA==
VBIwlv78Seiwp4UAvVjl2lJx9r6GWrpp0FfJROc5t+scQLq1nKEJ+rl8Voan3PrW8znrnSfFP1JMZXMdBmPds+Pf9TuINXm0Ag==
jjT6QlMq1bSthzJ6SAxbsq+M4xj8kiQopo2VHmMCdY27smUqNhZ4k2iPSBfjbO0tlbveFBA9FgXbumtYXI6NiDiGUa1hNY2B7XJeYVk1zDd/I2FLX3NCEWu0EA==
IbtEkWeRv1uwMUHrBK+7VlJx9r6GWrpp0FfJROc5t+scQLq1nKEJ+rl8Voan3PrW8znrnSfFP1pPZXMdBmPds+Pf9TuINXm0Ag==
AjRQqPJ66b1nhzkBGBH2Q6+M4hj8kiQopo2VHmMCdY27smUqNhZ4k2iPSBfjbO0tlbveFBA9FgXbumtYXI6NiDiGUa1hNY2B7XpdYVk1zDd/I2FLX3NCEWu0EA==
IbtEkWeRv1uwMUHrBK+7VlJx9r6GWrpp0FfJROc5t+scQLq1nKEJ+rl8Voan3PrW8znrnSfFP1pPZXMdBmPds+Pf9TuINXm0Ag==
AjRQqPJ66b1nhzkBGBH2Q6+M4hj8kiQopo2VHmMCdY27smUqNhZ4k2iPSBfjbO0tlbveFBA9FgXbumtYXI6NiDiGUa1hNY2B7XpdYVk1zDd/I2FLX3NCEWu0EA==
uNI7knKydq1S+dTX2xYU5lJx9r6GWrpp0FfJROc5t+scQLq1nKEJ+rl8Voan3PrW8znrnSfFP19PZXMdBmPds+Pf9TuINXm0Ag==
265AJWdns8HLHcqx+8N5FIj+chU/n4y+DlEVwqv2eC62z0ZvZgvtVOMxm8vwCH4F+FmVeiUEsjbjFJb23zHvjQMdQ5/zPZeNguuxU0+XMUusDWW0Hg==
lA+ERxmbjs42iLO48I00ZlJx9r6GWrpp0FfJROc5t+scQLq1nKEJ+rl9Voan3PrW8znrnSfFP1NOZXMdBmPds+Pf9TuINXm0Ag==
yDYrSkZGdG+MzlGxlivwGIj+chU/n4y+DlEVwqv2eC62z0ZvZgvtVOMxm8vwCH4F+FmVeiUFsjbjFJb23zHvjQMdQ5PyPZeNguuxU0+XMUusDWW0Hg==
OK6UcnQ60vlG24+rMtMRp1Jx9r6GWrpp0FfJROc5t+scQLq1nKEJ+rl9Voan3PrW8znrnSfFP1JOZXMdBmPds+Pf9TuINXm0Ag==
jul56YQL08huhY+MuIaIga+M4hj8kiQopo2VHmMCdY27smUqNhZ4k2iPSBfjbO0tlbveFBA9FgXbumtZXI6NiDiGUa1hNY2B7XJcYVk1zDd/I2FLX3NCEWu0EA==
pbGF+upojseiBsy6otb0aFJx9r6GWrpp0FfJROc5t+scQLq1nKEJ+rl9Voan3PrW8znrnSfFP15JZXMdBmPds+Pf9TuINXm0Ag==
S26S1J0fPOcvUyDaqtAf4Yj+cxU/n4y+DlEVwqv2eC62z0ZvZgvtVOMxm8vwCH4F+FmVeiUFsjbjFJb23zHvjQMdQ571PZeNguuxU0+XMUusDWW0Hg==
ELjqmY1HTjerLl/CYyK5cVJx9r6GWrpp0FfJROc5t+scQLq1nKEJ+rl9Voan3PrW8znrnSfFP11JZXMdBmPds+Pf9TuINXm0Ag==
6LfCZHg1PpQVRLnOE5Lwa4j+chU/n4y+DlEVwqv2eC62z0ZvZgvtVOMxm8vwCH4F+FmVeiUFsjbjFJb23zHvjQMdQ531PZeNguuxU0+XMUusDWW0Hg==
xEMn7k60cN7cX+59fO0WDVJx9r6GWrpp0FfJROc5t+scQLq1nKEJ+rl8Voan3PrW8znrnSfFP1tIZXIdBmPds+Pf9TuINXm0Ag==
BO74GOWvkAt9rb9483Kd/Hce2/sITBN6gJK/D+lGwGa3LFOR0s1ZBQeqmlwWiTIWArEervsswe6z7Gt9vx35Z03mqw6t4jexM3q0Bw==
bTcluLoPvJNhCdOUDjSEUyZ42kOS4om7vbaIN08n0I+TgkdrObDVGruF8E7NNgDW17zTATJ9GfUnuppMNnlypuIhnj6bnAGek/xtbZ9tOdctdiueTVJ3QRNqtBc=
r4ui5v5fhtMhQQDwhl8WRCZ42EOS4om7vbaIN08n0I+TgkdrObDVGruF8E7NNgDW17zTATJ9GfUnuppMNnlypuIhnj6bnAGek/xjbZ9tOdctdiueTVJ3QRNqtBc=
t0QfAXsAQhOWikKy8QmgvyZ42UOS4om7vbaIN08n0I+TgkdrObDVGruF8E7NNgDW17zTATJ9GfUnuppMNnlypuIhnj6bnAGek/xoaJ9uOdctdiueTVJ3QRNqtBc=
KzFwGSKAF3K5ZvXH+RIvTGMZzPtZABVqm5XwXu1GwGa3LFOR0s1ZBQeqmlwWiTIWArEervsswe6z7GJ4vx75Z03mqw6t4jexM3q0Bw==
0v19XwsqlP51DlxhbKuKoHE/jQPFt5Xl+vvLdlAmn5+OgUckebTAEaae8UmScRDA1rCQCjJ9GfUnuppMNnlypuIhnj6bnAGek/xiaJ9uOdctdiueTVJ3QRNqtBc=
gAg419fcm5eS2ZOgbLhQM1Jx9r6GWrpp0FfJROc5t+scQLq1nKEJ+rl9Voan3PrW8znrnSfFP19MZXEdBmPds+Pf9TuINXm0Ag==
yRTc6aMPSTsYyPwX14Y0u3ce2/sITBN6gJK/D+lGwGa3LFOR0s1ZBQeqmlwXiTIWArEervsswe6z7G95vx75Z03mqw6t4jexM3q0Bw==
CW1S8r3xhAEDZQyXSsvuUSZ42EOS4om7vbaIN08n0I+TgkdrObDVGruF8E7NNgDW17zTATJ9GfUnuppMN3lypuIhnj6bnAGek/xtaZ9uOdctdiueTVJ3QRNqtBc=
RM/NI/BsNleVsPVNYr+qwSZ42kOS4om7vbaIN08n0I+TgkdrObDVGruF8E7NNgDW17zTATJ9GfUnuppMN3lypuIhnj6bnAGek/xiaZ9uOdctdiueTVJ3QRNqtBc=
y9luz2WsFD1O64vl+AVUwyZ42UOS4om7vbaIN08n0I+TgkdrObDVGruF8E7NNgDW17zTATJ9GfUnuppMN3lypuIhnj6bnAGek/xrap9uOdctdiueTVJ3QRNqtBc=
RvxhTLdNoUfx2uJmSllM2WMZzPtZABVqm5XwXu1GwGa3LFOR0s1ZBQeqmlwXiTIWArEervsswe6z7G56vx75Z03mqw6t4jexM3q0Bw==
6fCVXtstofPLshN40wz0XXE/jQPFt5Xl+vvLdlAmn5+OgUckebTAEaae8UmScRDA1rCQCjJ9GfUnuppMN3lypuIhnj6bnAGek/xuap9uOdctdiueTVJ3QRNqtBc=
jidBD1umZDor4mO5p9vftmeY23SGvlyAx/ESi/yvY02nbDvQsZOLUSkNGlPtm+arsmFy9QXpt7yNSQrV5+/gvth0J0DVIF+uicNn/SH7oCqTkDH6qwCjGTeFqVO16svKBZ6HZWtWtCM=
doQsDI54UhkO00+gqMzsxBHMBUkk56IzZY/79cP5PZ3Fi43uXWxJffnl7KzDIfgM8F2W/TyXEfbG7VEEPVP/P4X/xT8y63qjdliZ/QmVFRF188LxxNVkZzfjqTt3k3phU7Qo
bvimyJXdQ30DeT89guIcPio3PAikOEK1ogkexXZpXsrYOpGx0u/+wgMo0fKb2COx5/2Jm8VyC6IVpuft2w60Cw==
lbK+42VP1GLllrW+Wnsb4OPzo8be2KrXTirJhc3cz0Xz0hh8TCRLt4rLzEgWJRBcZ+PM1cisj9tqtOxtRqEZkHZXQDis6Je0TazfKgE/92lZVwDOO8xBTnPMY11/uXmHjYar7u2CtxFzWrQn
EcvSmAoEKRFKPKDTLyupbis3PAikOEK1ogkexXZpXsrYOpGx0u/+wgMo0fKb2COx5/2Jm8VyC6IVpuft2w60Cw==
dPW/yNC4oG1/d3JHfsQKJliB0uU/SEL08m/1MRoCf2bwVvMyuesCZFz6tnR4fuXm989UoHF3ZbVtBZFp2TKrycPFQK+LgzWzEyO+OX+0BA==
B1d1ezCnsBgtqAPUCW5bow6u37kEHeHuvEhsF2uNhOIh3jQoLZL/GlzYgoJoyCa+u9opt4qcL4c7ibN9T1WH37T13b1ek5VzK48NW6AFYbQa
fQGr/0YhMr9hnY0oMG5GrWaY23SGvl2Ax/ESi/yvY02nbDvQsZOJSy8NBkvsm+arsmFy9QXpt7yNSQrV5+/gvth0J0DVIFunnsRn/SH7oCqTkDH6qwCtHjeGqVO16svKBZ6HZWtWtCM=
UlQB/zBM2p1cisR0HYGozeLzo8be2KjXTirJhc3cz0Xz0hh8TCRIrYzL0FAXJRBcZ+PM1cisj9tqtOxtRqEZkHZXQDis6Je0TazbIxY492lZVwDOO8xBTnPMaFt/unmHjYar7u2CtxFzWrQn
aDpgtZdPY2Yahl7gjYqcmE47Lhj+hsXfxepiChnZkP3lL2X1jSMSppDY/8qo2Yv27ABwJV4UPmYN60TQIRze0NiFD/ja0bXNeSNbpwl7QLCRG77rCniF9Q2FcSm5M4+JY0Xg76uDFfOzox55X7Qk
wSGDK/WPpGWtHM2JA3cUvw6u37sOHeTgokhsF2uNhOIh2zYiLZfxBFzYgoJoyCa+u9opt4qcL4c7ibN9T1WH2bT13L1ek5VzK48NW6AFYbQa
6RS3wgZN+aWQ5qDtRX97O+Lzo8be2K7XTirJhc3cz0Xz0hh8TCRIrYzL0FAXJRBcZ+PM1cisj9tqtOxtRqEYkHZXQDis6Je0TazbIxY492lZVwDOO8xBTnPMbFl/u3mHjYar7u2CtxFzWrQn
Dk8Pxc4pokxUHKBIUkRTon0pOx2/MjCr6gkJ2W9eGtCILYKqyuX+wgMo0fKb2Cu25/+Jm8VyC6IVpuft2w60Cw==
4Fp8BMXN3cU/JAgW80NRAmsWx7IXWwJ7z4XtWadIz262IBCa0s1ZBQeqmlwQiTIWArEervsswe6z7Gt6vxv5Z03mqw6t4jexM3q0Bw==
IbAj86Me9AcYX4Pd1YyqZa+M4hj8kiQopo2VHmMCdY27smUqNhZ4k2iPSBfjbO0tlbveFBA9FgXbumteXI6NiDiGUa1hNY2B7XtdYV41zDd/I2FLX3NCEWu0EA==
IZmb3L1b3QuSbRQY1mBctVJx9r6GWrpp0FfJROc5t+scQLq1nKEJ+rl6Voan3PrW8znrnSfFP15PZXQdBmPds+Pf9TuINXm0Ag==
p4Cq99OCq7t0U3hPZ1DIaq+M4hj8kiQopo2VHmMCdY27smUqNhZ4k2iPSBfjbO0tlbveFBA9FgXbumteXI6NiDiGUa1hNY2B7X5dYV41zDd/I2FLX3NCEWu0EA==
o50DIrovITlPvexxXeT6DtPSxrPDZnjp7ItjtmL4rJ3BFmsCzQdOQFMuydici5ilZ3heMuaaWmnwl2nEB/nX6/wAGjU84en62br2BgccmtYTeYsdh4UfXC8llJ2mo/2zwx+Vu2h1WbQi
Z22SNf+wPutzkrUoKzrx4lLG4MBbJiHUgnJZ44QNORkVEnDK38jzLUq5yYmPLhrAqB3CeqoVflKjmBGie6grp8fPyUulgosytRYnvTt+tBs=
8Qf2Ibtq+EdL8hrHoqx/p1Jx9r6GWrpp0FfJROc5t+scQLq1nKEJ+rl6Voan3PrW8znrnSfFP1pOZXQdBmPds+Pf9TuINXm0Ag==
tjhQkvat7alMAbhnEb8dz4j+chU/n4y+DlEVwqv2eC62z0ZvZgvtVOMxm8vwCH4F+FmVeiUCsjbjFJb23zHvjQMdQ5ryPZCNguuxU0+XMUusDWW0Hg==
8Qf2Ibtq+EdL8hrHoqx/p1Jx9r6GWrpp0FfJROc5t+scQLq1nKEJ+rl6Voan3PrW8znrnSfFP1pOZXQdBmPds+Pf9TuINXm0Ag==
ai0FyGd1GUP+T2ZkNMWoI4j+cxU/n4y+DlEVwqv2eC62z0ZvZgvtVOMxm8vwCH4F+FmVeiUCsjbjFJb23zHvjQMdQ5ryPZCNguuxU0+XMUusDWW0Hg==
wdBbAsRUcYdMGMfLL/O7vVJx9r6GWrpp0FfJROc5t+scQLq1nKEJ+rl6Voan3PrW8znrnSfFP1lOZXQdBmPds+Pf9TuINXm0Ag==
eJFUxLUGcqDUo9RRrUobCnce2/sITBN6gJK/D+lGwGa3LFOR0s1ZBQeqmlwQiTIWArEervsswe6z7Gl7vxv5Z03mqw6t4jexM3q0Bw==
FuMKzoods1ttJoBLgDQgawEowIQiY0vZH0WioI+flfRLYVOLuPgWJeApjXo98qoWC2ReNpfhRy37jfsZiq0o7Wq7+ZMHpxkrtD19tAY=
hWDALU/fJMAUX4glLkIVJ4j+cxU/n4y+DlEVwqv2eC62z0ZvZgvtVOMxm8vwCH4F+FmVeiUCsjbjFJb23zHvjQMdQ57yPZCNguuxU0+XMUusDWW0Hg==
nlx0RFfyNfueFDqVmqVvUFJx9r6GWrpp0FfJROc5t+scQLq1nKEJ+rl6Voan3PrW8znrnSfFP1NOZXQdBmPds+Pf9TuINXm0Ag==
MWsh0AaR9e1KBLLePmKORK+M5hj8kiQopo2VHmMCdY27smUqNhZ4k2iPSBfjbO0tlbveFBA9FgXbumteXI6NiDiGUa1hNY2B7XNcYV41zDd/I2FLX3NCEWu0EA==
vXyx7/fDDnfHX14tr0k9QVJx9r6GWrpp0FfJROc5t+scQLq1nKEJ+rl6Voan3PrW8znrnSfFP1JOZXQdBmPds+Pf9TuINXm0Ag==
WWQJBp7dEUgnc0uep6xAOK+M5xj8kiQopo2VHmMCdY27smUqNhZ4k2iPSBfjbO0tlbveFBA9FgXbumteXI6NiDiGUa1hNY2B7XJcYV41zDd/I2FLX3NCEWu0EA==
yb7sGpd3AJLAZVmirmqJDlJx9r6GWrpp0FfJROc5t+scQLq1nKEJ+rl6Voan3PrW8znrnSfFP1tPZXsdBmPds+Pf9TuINXm0Ag==
J6ezl23RFBYTzyi4qxx423ce2/sITBN6gJK/D+lGwGa3LFOR0s1ZBQeqmlwQiTIWArEervsswe6z7Gt6vxT5Z03mqw6t4jexM3q0Bw==
vTE5CRiju97f6eKRwLcjEwEowIQiY0vZH0WioI+flfRLYVOLuPgWJeApjXo98qoWC2ReNpfhRy37jfsfi60n7Wq7+ZMHpxkrtD19tAY=
ikGdk1vwnWHRrvEQdVH+T3ce2/sITBN6gJK/D+lGwGa3LFOR0s1ZBQeqmlwQiTIWArEervsswe6z7G96vxT5Z03mqw6t4jexM3q0Bw==
K6jGxZGZUD7IsePrbSLdagEowIQiY0vZH0WioI+flfRLYVOLuPgWJeApjXo98qoWC2ReNpfhRy37jfsci60n7Wq7+ZMHpxkrtD19tAY=
1OeBMPZfxCgJu4isgAB1BHce2/sITBN6gJK/D+lGwGa3LFOR0s1ZBQeqmlwQiTIWArEervsswe6z7Gx6vxT5Z03mqw6t4jexM3q0Bw==
hQzeWhoF1h8K6nEfq0R17QEowIQiY0vZH0WioI+flfRLYVOLuPgWJeApjXo98qoWC2ReNpfhRy37jfsfja0n7Wq7+ZMHpxkrtD19tAY=
r7R864vStx9tke+2+kWLhK+M5xj8kiQopo2VHmMCdY27smUqNhZ4k2iPSBfjbO0tlbveFBA9FgXbumteXI6NiDiGUa1hNY2B7X9bYVE1zDd/I2FLX3NCEWu0EA==
9UD6t1p+LjWxYKEMRzLn51Jx9r6GWrpp0FfJROc5t+scQLq1nKEJ+rl6Voan3PrW8znrnSfFP15JZXsdBmPds+Pf9TuINXm0Ag==
W+gD6EL4fVNTLC04ovIf36+M4xj8kiQopo2VHmMCdY27smUqNhZ4k2iPSBfjbO0tlbveFBA9FgXbumteXI6NiDiGUa1hNY2B7X5bYVE1zDd/I2FLX3NCEWu0EA==
0DU9wsGxkFjenP0OigwpPVJx9r6GWrpp0FfJROc5t+scQLq1nKEJ+rl6Voan3PrW8znrnSfFP11JZXsdBmPds+Pf9TuINXm0Ag==
/Xmy2GOjkOSKzAyVlTSQLa+M4hj8kiQopo2VHmMCdY27smUqNhZ4k2iPSBfjbO0tlbveFBA9FgXbumteXI6NiDiGUa1hNY2B7X1bYVE1zDd/I2FLX3NCEWu0EA==
H9xRm6nhFK+IkOqo26mup1Jx9r6GWrpp0FfJROc5t+scQLq1nKEJ+rl6Voan3PrW8znrnSfFP1JJZXsdBmPds+Pf9TuINXm0Ag==
eYBdM9Nnlbu6ug2ifxmtPK+M4hj8kiQopo2VHmMCdY27smUqNhZ4k2iPSBfjbO0tlbveFBA9FgXbumteXI6NiDiGUa1hNY2B7XJbYVE1zDd/I2FLX3NCEWu0EA==
H9xRm6nhFK+IkOqo26mup1Jx9r6GWrpp0FfJROc5t+scQLq1nKEJ+rl6Voan3PrW8znrnSfFP1JJZXsdBmPds+Pf9TuINXm0Ag==
eYBdM9Nnlbu6ug2ifxmtPK+M4hj8kiQopo2VHmMCdY27smUqNhZ4k2iPSBfjbO0tlbveFBA9FgXbumteXI6NiDiGUa1hNY2B7XJbYVE1zDd/I2FLX3NCEWu0EA==
Kx2uhq9CBa4Ieh+icvNOgFJx9r6GWrpp0FfJROc5t+scQLq1nKEJ+rl6Voan3PrW8znrnSfFP1tIZXsdBmPds+Pf9TuINXm0Ag==
q/8SmIM0/LgqZ+uX7Vj9C3ce2/sITBN6gJK/D+lGwGa3LFOR0s1ZBQeqmlwQiTIWArEervsswe6z7Gt9vxT5Z03mqw6t4jexM3q0Bw==
DPDXUuwXbdy+s6b42GGUhgEowIQiY0vZH0WioI+flfRLYVOLuPgWJeApjXo98qoWC2ReNpfhRy37jfsdi60m7Wq7+ZMHpxkrtD19tAY=
H0K2zxp9a9gDRL8t3dm+Jnce2/sITBN6gJK/D+lGwGa3LFOR0s1ZBQeqmlwQiTIWArEervsswe6z7G16vxX5Z03mqw6t4jexM3q0Bw==
HINzd6n/KOdxbPXAPYXP6QEowIQiY0vZH0WioI+flfRLYVOLuPgWJeApjXo98qoWC2ReNpfhRy37jfsdiq0m7Wq7+ZMHpxkrtD19tAY=
isYYfbCcHd3N9cTkHcZ8qku062ufJd1QyGS7MmOr9ish91tkWhbE/9p0rg+ONH+qWXwPQoMRS0MxJQE42/TJxA+DL3S0DQ==
YF3aYKfk5ueVL2rI0inlrxeWkCpynZlV59qaLPDZ8kaiAZ4eW/yBPtMca4zfxbm37VYrvg2y9+HTCrR3
i/e851oxqsw0Zd9hmptBdWxlPxK+NDC26gkJ2W9eGtCILYKqyuX+wgMo0fKb2Ciw5/GJm8VyC6IVpuft2w60Cw==
m1mA6luwEtdvqQxD0LNxs/DkynZXnfP/WF9J86mZY7cvET+XWd6gvgd0k8niFTkdN7KaRCCRUs4y6d72S/ShdgN07eUPjZm//b5rVp06V6kDYrQf
tuvYKcg1c7SGUORZE8TrFWaG33mUvFmaxatC0LzqOhfTNnCHxp2LGn1ZBE7QzP26/DU0shDluaanXlTEwqe01foxaVHfBhr42NUi4jr9viqTkDH6qwCuHTeArFO06svKBZ6HZWtWtCM=
GUnUwbYMPGkGXiv/l9BZJWb7303AvvRdOjEKNJZcAAwFbI///bxlZztspphXrpLpf2UVIPkkiKzE8DJVJPHh+tGq7uYvbKIWyynjvX81l9+g1Sr4DnIl87svfZtwZVG0Kg==
lUHEmMeByUL182tnjoODrVo47Mk0EPX6WMl1cTdoK4ACPG604H0m5cu6ez5sTv0oiAbBDTH13aEdfGqBCPAcVu+jEavvM7Ixe7QA
c1BWsHNDsMuYhP+QusXvPk47Lhj+hsXfxepiChnZkP3lL2X1jSMSppDY/8qo2Yv27ABwJV4UPmYN60TQIRze0NiFD/ja0bXNeSNbpwl/SaeWG77rCniF9Q2FcSm5M4mJZkDg7quDFfOzox55X7Qk
9Hy5sK3osB6INSSzXlbAYSw3PAikOEK1ogkexXZpXsrYOpGx0u/+wgMo0fKb2CO25/uMm8RyC6IVpuft2w60Cw==
jM0M4uJLUZ5V3Q4CRxYBZQ6u37kEH+bkvUhsF2uNhOIh2jQoL5X1G1zYgoJoyCa+u9opt4qcL4c7ibN9T1WH3bb12LhekpVzK48NW6AFYbQa
bPj/Wj2iam/zsFE5WhbtWOLzo8be2KnXTirJhc3cz0Xz0hh8TCRIrYzL0FAXJRBcZ+PM1cisj9tqtOxtRqEZknxVQjyz6Je0TazbIxY492lZVwDOO8xBTnPMbVx/v3yHjIar7u2CtxFzWrQn
a19WOQ8wcQ5ww2CewxcfoQ6u37kEH+bkvUhsF2uNhOIh2zQoL5X1G1zYgoJoyCa+u9opt4qcL4c7ibN9T1WH2bH13LhekpVzK48NW6AFYbQa
8uG4OQw/v/c8VgRjqrK/79J4EyYSim6ZYn92S6vaVieazVb5hFIeVxnOvN/SiQNxfCNUBudFzlYMyyr7oWau5Ql4DyJfCgnum+XaAq8nbYXw+GemaZCX7kw+U66EqZj0u/gRiL9vd1i0IQ==
lHCAw3U/B8sxlYPDh6tv6tPMwr7RZH7z7tEz7SK99ce1TCBVuglMEQF609yq2ZO1JixLNbTcG3vczn3MJ7fI67wWX3st68+/j+vgQxgHnMgTeYsdh4UfUy0llZqmpf2zwx+Vu2h1WbQi
ZE4ddW0JUlLbuA1y+Z+YjI3MxAxA0OZyLBCKPheC7cVgnCS2B0EX7cut6xOZzdmqut1pE7cHqevk3Q20dg==
XqAMQ/iWRqJUMkj08RplKNJ4EyYSim6ZYn92S6vaVieazVb5hFIeVxnOvN/SiQNxfCNUBudFzlYMyyr7oWau5Ql4DyJfCgnun+zNBa8nbYXw+GemaZCX7ko/U6CGqZ/0u/gRiL9vd1i0IQ==
i7B74pSMyFLw+qhfYLXlgHbe7PAqe+7DVgMyqx705ACph+bdzuwvAvnUv/oKq/vklo3XYBusGazv698MtHU=
4RbWk9iHGAljLEa47ZrYag6u37kEH+bkvUhsF2uNhOIh2DQoL5X1G1zYgoJoyCa+u9opt4qcL4c7ibN9T1WH0rT13bpelZVzK48NW6AFYbQa
Lt5g0tMDiz4dgz6wUpfu7Q6u37kEH+bkvUhsF2uNhOIh2TQoL5X1G1zYgoJoyCa+u9opt4qcL4c7ibN9T1WH2Lf13bpelZVzK48NW6AFYbQa
q4d6QgU9Lv7IpqKfq+iw6+Lzo8be2KnXTirJhc3cz0Xz0hh8TCRIrYzL0FAXJRBcZ+PM1cisj9tqtOxtRqEbknxVQjyz6Je0TazbIxY492lZVwDOO8xBTnPMaFl/u36Hi4ar7u2CtxFzWrQn
TaKPtSG2MpMLcFM+mdNMqeLzo8be2O6dECzJg8v800LX4EsueGEOt4rsmUgwJUoHd+PM1cisj9tqtOxtRqEZiHpXWS6z6Je0TazbIxY492lZVwDOO8xBTnPMalp/tH6Hi4ar7u2CtxFzWrQn
fMb+ff3DqeQWcqV3hxMuMjthThp2YmkyY/iRwrvIKMUHqUwrYuKLUnV2p937HrR7
x+kcMOfSonK0Xw29+1Uw2c7RUkHLkaU+ij8oliEVVX1vSIfWqQD3PkhvszfEWf5EO4gxuP//1wi0cQ==
UC/3/Km+mLA1ja+SNHBk7I9d8kREad3BNHTEIZs7jcWVZVk5QbgymQzgeJijQ50ji8P2yQe0fA==
PbztrE053ifXJFbbsmPxugl+bz9ce25+TeGGoEQFOva3uedQLrXOPFEuKcXx5ApvievfN0sw48mJ2Sxxv2yiBHlox3Yp4LceT09zV0T5PmQ7aHFYf18XaLQR
0T13u1mSfzlZRwXeiecXHzK9lxWouTkNIsDliDpwL2/y2Z164jwNIf3/sM0LUEZh0LHqb1fBKKn6ylTTc4h9QYPZW93XpQ9fPEVCWPbEbTNzfyV7WBVptBI=
W8oGyhyHmPtrln5aqtXUg+/pyWoa0vzjXkxH56uSZuM6FjHAFdfp4g51mZXzFSMGN4PJF3DDR8oG/sn2S/ShdgN07+EPhZy/+r5rVp06V6kDYrQf
