B6UtzdqumweHPadF76Nj3AWAv5QBYGeUjCgXscJHPgJsVW3J2sTxVRiz3o+JPxqd8gbTfL4Of1KjmBGie6gjocfOyEukgIs1tRYnvTtirgk=
mybJAsBK/PZucqBbrUuV5hHwceNAc3KpuDEXxJ2rN7XGfkhz0iuOF6vpQz2fdbfaxRWMfO4yB/Pc790bkCVtrhg=
XH0LNV9ozC94kcZfjCpxYkzf/9EBPCrUy34Zp8ZHPgRdGzfY1MmwP1y5yZ+FElSV/0/Xfp4CaVKjmBGie6gtpMfPyEukgIs1tRYnvTtirgk=
pVBvD7YenWOuEHVeyGfmycq0NBg6houvLV8fwrn5aWWmwEwuMUfkE/E6mojiHn4F7lOpNHBV4CPnIIHh3zHvjQMdQ53xPZCMguqzU0iXMUusDXmuDA==
UWFU5e+gqoGPQJ+SnP8Ptg9wZnBaZlR5XP/EqlNZI/rttvVWC+7ZNxw7Y9ijux5Uz6X/ch874MOckC8/pnKGDHNox3Yp4LceT0xzUUD5OGY7b3FYf18XdK4D
sV1YF2De1oJ2BJzQh5L8pBHwceNAc3KpuDEXxJ2rN7XGfkhz0iuOF6vpQz2fdbffxxWMfO4yB/Pc790bkCVtrhg=
c6weFAEQlMwPgpcG5tYAsfctNglVOD0TPI8UR9ypi1QRI7M1QvbE406zandPkb9NUz1znwNdQEzSCiPT+PfBC5wtaa4c
MFKuaWEa0S+l8z09mxZuJ/ctNglVOD0TPIsWSdypi1QRI7M1QvbE406zandPkb9NUz1znwNdQEzSCiPT+PfBC5wtaa4c
c6weFAEQlMwPgpcG5tYAsfctNglVOD0TPI8UR9ypi1QRI7M1QvbE406zandPkb9NUz1znwNdQEzSCiPT+PfBC5wtaa4c
d5W2uqEggSghUJ9Min9xsNG70I+EsA6KxURPr7Y22NeUzQh2D/EfrTqQ134JqEeGz9QDmWDxKB771+HQH5cnbK4b
H0acfv0Jz2l5Cspd6ADGGc7RUkHLkaU+ij8oliEVVX1vSIfWqQD3Pk9sszHAWfhGO48xuP//1xSuYw==
Cz8lr8lRmrBs/5rJLJTJ/o9d8kREad3BNHTEIZs7jcWVZVk5Qb8xmQrkeJ6hQ5oji8P2yRuubg==
PKjYnNVezLsjVHmbDsG5VskSiGRQhmA3s5FmFjWV/5iLRUkCE5S3hYRlwqHt6EUzNJv+CXRZA/TJU6s1WgacQ8bDwrcngbdtq23LGHqNeCzaGgsTkEdJa0Qdca4E
ErCMTSHTQJeWwIHT2ctbbgDkJqMZKTD57DZSz527J/q1HWwjgWmuFKvpQz2fdbfcxRWDfO4yB/Pc790bkCVtrhg=
rnflMGI7cjjf3baUXMo7SwHkJ6MYKTD57DZSz527J/q1HWwjgWmuFKvpQz2fdbffxxWDfO4yB/Pc790bkCVtrhg=
0wx5nStSbVzHMQkKfXqfbgDkJ6MYKTD57DZSz527J/q1HWwjgWmuFKvpQz2fdbffwRWDfO4yB/Pc790bkCVtrhg=
jGxXSFIbugg2Ibt1Y6nkRwDkJ6MYKTD57DZSz527J/q1HWwjgWuuFKvpQz2fdbffwRWLfe4yB/Pc790bkCVtrhg=
oEWuw67XGv9t7AcOfAFT9ALkJ6MYKTD57DZSz527J/q1HWwjgWuuFKvpQz2fdbfdwRWLfe4yB/Pc790bkCVtrhg=
sZiw89oFD3nuLFK00m9wmgHkJ6MYKTD57DZSz527J/q1HWwjgWuuFKvpQz2fdbfSwRWLfe4yB/Pc790bkCVtrhg=
sfoez98UZx7JbQcOxnoRKQbkJ6MYKTD57DZSz527J/q1HWwjgWuuFKvpQz2fdbfdwBWLfe4yB/Pc790bkCVtrhg=
+53DOmnREPlDZloRdxs6CkUPaoSTiveYMeYPMQaQmRp4DvQyZ3+08wayaZkuuR1lxaUJGVG7InlcJSh+McPqw/sDhilrrh4=
NUA0YZl7jmFwo7ZGA8MLsqqYthMVMY6JxnQuidu6wmPmTMOt3ZYTCRJw7cLEXhha8/8gG2pi1cHa2Qld2VVlMWX71hHwlbSGpWNemwdTqgF/rgo=
R8k4o6Xb6eMpF/1ApFUI4raQqloKJp+IiWN835W0zWvnQICm3ZYTCRJw7cLEXhha8/8gG2pi1cHa2Qld2VVlMWX71hHwlbSGpWNemwdTqgF/rgo=
rF56GQVYHRpKeT6cc5VaM+vuwXoUnrbiUlsc7LjcYP45FnDXWIi6+FMrmILkGTo7eJLfB3WPXs4r88H2S/ShdgN06+EPhZm//LxrUZ06V6kDfq4N
qxlVU7PpIezk19xg261I2AEowIQiY0vME1e5oJ6aw+4NNQyA8/4aJsZmrT9+p7QaC31EKZfhRy37jfsZiK0u7Wq6+5MApxkrtD1hrhQ=
6AQLX/QeUa6+HmRZLBNtxxJB+qNYPW/T/8ti6kmuR/6y+l8lqKgAfwLpBEwfXYHZ9ixHXVF8z3I5hJ/KCZvbM9F9sPKbO7kcL7s/YK4X
4PVjS0XPtvvuob4RXt+QJlo47Mk0EPXzUMNtNmU2e9laMCWy7H4Aquv/OGtyQv0xkhnBDTH13aEdf26BCPUcVu2jFqvvM7IxZ64S
CbNbxzGFBh0siGD8h17jXqqYthMVMY6JxnQuidu6wmPmTMOt3ZYTCRJw7cLEXhha8/8gG2pi1cHa2Qld2VVlMWX/1hHwlbSGpWNemwdTqgF/rgo=
fPUUd+9p8kJ6m0VKOG7hvL2qs8/aSaD507cDAqNCPRVcyrmBtTt3IzCl9fKIwH3EkEHUcgKWh+nIpBgTMiVc4J/x2RXGQF9RMbAXHokIB2bPt8M/4RFoPvu3IXCfd2dMrjs=
EDBlWSqei0OoVTsp+PGLckjY98EPcGDByzBQqsFKMBMQRGqMi5f4Zky1yq/ADl+D/QPOerMPYVKjmBGie6gupcfJyUukgIs1tRYnvTtirgk=
3TpSNYgbNebqyVYXHbGJVb6qs8/aSaD507cDAqNCPRVcyrmBtTt3IzCl9fKIwH3EkEHUcgKWh+nIpBgTMiVc4J/x2RXGQF9RMbAXHokIB2bOt8M/4RFoPvu3IXCfd2dMrjs=
EDBlWSqei0OoVTsp+PGLckjY98EPcGDByzBQqsFKMBMQRGqMi5f4Zky1yq/ADl+D/QPOerMPYVKjmBGie6gupcfJyUukgIs1tRYnvTtirgk=
vURFzrlg4LMEIrbkFLS9xLmqs8/aSaD507cDAqNCPRVcyrmBtTt3IzCl9fKIwH3EkEHUcgKWh+nIpBgTMiVc4J/x2RXGQF9RMbAXHokIB2bOt8M/4RFoPvu3IXCfd2dMrjs=
LscCLc79EMNKCvjBBw92rDthThp2YmkyY/iRwrvIKsYHqUkrZOCLVXV2p937Aq5p
/KTGAGfz2frr8NOHztwnic7RUkHLkaU+ij8oliEVVX1vSIfWqQD3PkpsszfBWfhGO48xuP//1xSuYw==
LYqdymZfy5lx6GwtodOsoo9d8kREad3BNHTEIZs7jcWVZVk5QboxmQzleJ6hQ5oji8P2yRuubg==
qwjdg9/XYxf9NrZEmv3wBQl+bz9ce25+TeGGoEQFOva3uedQLrXOPFEuKcXx5ApvievfN0sw48mJ2Sxxv2yiBHlox3Yp4LceSkxzV0H5OGY7b3FYf18XdK4D
rnWK1g0Qq2quSAVBJCj5zzK9lxWouTkNIsDliDpwL2/y2Z164jwNIf3/sM0LUEZh0LHqb1fBKKn6ylTTc4h9QYPZW93XpQ9aP0VCXfbCbzN0fyV7WBV1rgA=
RvAu60OuZblbjzGfERqnTO/pyWoa0vzjXkxH56uSZuM6FjHAFdfp4g51mZXzFSMGN4PJF3DDR8oG/sn2S/ShdgN06eIPhZm//LxrUZ06V6kDfq4N
